[07-Apr-2024 03:03:33 UTC] PHP Deprecated:  Hook http_api_transports is deprecated since version 6.4.0 with no alternative available. in /wordpress/wp-includes/functions.php on line 135
[07-Apr-2024 03:03:38 UTC] PHP Deprecated:  Hook http_api_transports is deprecated since version 6.4.0 with no alternative available. in /wordpress/wp-includes/functions.php on line 135
[07-Apr-2024 03:04:11 UTC] PHP Deprecated:  Hook http_api_transports is deprecated since version 6.4.0 with no alternative available. in /wordpress/wp-includes/functions.php on line 135
[07-Apr-2024 03:04:17 UTC] PHP Deprecated:  Hook http_api_transports is deprecated since version 6.4.0 with no alternative available. in /wordpress/wp-includes/functions.php on line 135
[07-Apr-2024 03:04:22 UTC] PHP Deprecated:  Hook http_api_transports is deprecated since version 6.4.0 with no alternative available. in /wordpress/wp-includes/functions.php on line 135
[07-Apr-2024 03:08:22 UTC] PHP Deprecated:  Hook http_api_transports is deprecated since version 6.4.0 with no alternative available. in /wordpress/wp-includes/functions.php on line 135
[07-Apr-2024 03:08:25 UTC] PHP Deprecated:  Hook http_api_transports is deprecated since version 6.4.0 with no alternative available. in /wordpress/wp-includes/functions.php on line 135
[07-Apr-2024 03:08:27 UTC] PHP Deprecated:  Hook http_api_transports is deprecated since version 6.4.0 with no alternative available. in /wordpress/wp-includes/functions.php on line 135
[07-Apr-2024 03:08:45 UTC] PHP Deprecated:  Hook http_api_transports is deprecated since version 6.4.0 with no alternative available. in /wordpress/wp-includes/functions.php on line 135
[07-Apr-2024 03:08:48 UTC] PHP Deprecated:  Hook http_api_transports is deprecated since version 6.4.0 with no alternative available. in /wordpress/wp-includes/functions.php on line 135
[07-Apr-2024 03:08:49 UTC] PHP Notice: A feed could not be found at `https://wordpress.org/news/feed/`; the status code is `400` and content-type is `text/plain` in /wordpress/wp-includes/class-simplepie.php on line 2
[07-Apr-2024 03:08:49 UTC] PHP Notice: A feed could not be found at `https://planet.wordpress.org/feed/`; the status code is `400` and content-type is `text/plain` in /wordpress/wp-includes/class-simplepie.php on line 2
[07-Apr-2024 03:08:49 UTC] PHP Deprecated:  Hook http_api_transports is deprecated since version 6.4.0 with no alternative available. in /wordpress/wp-includes/functions.php on line 135
[07-Apr-2024 03:14:48 UTC] PHP Deprecated:  Hook http_api_transports is deprecated since version 6.4.0 with no alternative available. in /wordpress/wp-includes/functions.php on line 135
[07-Apr-2024 03:50:31 UTC] PHP Fatal error:  Out of memory (allocated 31457280) (tried to allocate 20480 bytes) in /wordpress/wp-includes/class-wp-image-editor.php on line 3
[07-Apr-2024 04:16:14 UTC] PHP Deprecated:  Hook http_api_transports is deprecated since version 6.4.0 with no alternative available. in /wordpress/wp-includes/functions.php on line 135
[07-Apr-2024 04:17:01 UTC] PHP Deprecated:  Hook http_api_transports is deprecated since version 6.4.0 with no alternative available. in /wordpress/wp-includes/functions.php on line 135
[07-Apr-2024 05:11:46 UTC] PHP Deprecated:  Hook http_api_transports is deprecated since version 6.4.0 with no alternative available. in /wordpress/wp-includes/functions.php on line 135
[07-Apr-2024 05:27:58 UTC] PHP Deprecated:  Hook http_api_transports is deprecated since version 6.4.0 with no alternative available. in /wordpress/wp-includes/functions.php on line 135
[07-Apr-2024 05:44:58 UTC] PHP Deprecated:  Hook http_api_transports is deprecated since version 6.4.0 with no alternative available. in /wordpress/wp-includes/functions.php on line 135
[07-Apr-2024 05:51:04 UTC] PHP Fatal error:  Out of memory (allocated 29360128) (tried to allocate 2097152 bytes) in /wordpress/wp-admin/includes/class-wp-site-health.php on line 3
[07-Apr-2024 05:51:04 UTC] PHP Fatal error:  Out of memory (allocated 27262976) (tried to allocate 2097152 bytes) in /wordpress/wp-admin/includes/class-wp-site-health.php on line 3
[07-Apr-2024 05:51:05 UTC] PHP Fatal error:  Out of memory (allocated 27262976) (tried to allocate 2097152 bytes) in /wordpress/wp-admin/includes/class-wp-site-health.php on line 3
[07-Apr-2024 05:51:05 UTC] PHP Fatal error:  Out of memory (allocated 27262976) (tried to allocate 2097152 bytes) in /wordpress/wp-admin/includes/class-wp-site-health.php on line 3
[07-Apr-2024 05:51:05 UTC] PHP Fatal error:  Out of memory (allocated 27262976) (tried to allocate 2097152 bytes) in /wordpress/wp-admin/includes/class-wp-site-health.php on line 3
[07-Apr-2024 05:51:05 UTC] PHP Fatal error:  Out of memory (allocated 27262976) (tried to allocate 2097152 bytes) in /wordpress/wp-admin/includes/class-wp-site-health.php on line 3
[07-Apr-2024 05:51:06 UTC] PHP Fatal error:  Out of memory (allocated 27262976) (tried to allocate 2097152 bytes) in /wordpress/wp-admin/includes/class-wp-site-health.php on line 3
[07-Apr-2024 05:51:11 UTC] PHP Fatal error:  Out of memory (allocated 27262976) (tried to allocate 2097152 bytes) in /wordpress/wp-admin/includes/class-wp-site-health.php on line 3
[07-Apr-2024 05:51:36 UTC] PHP Fatal error:  Out of memory (allocated 27262976) (tried to allocate 2097152 bytes) in /wordpress/wp-admin/includes/class-wp-site-health.php on line 3
[07-Apr-2024 05:52:02 UTC] PHP Fatal error:  Out of memory (allocated 27262976) (tried to allocate 2097152 bytes) in /wordpress/wp-admin/includes/class-wp-site-health.php on line 3
[07-Apr-2024 05:52:16 UTC] PHP Fatal error:  Out of memory (allocated 27262976) (tried to allocate 2097152 bytes) in /wordpress/wp-admin/includes/class-wp-site-health.php on line 3
[07-Apr-2024 05:52:19 UTC] PHP Fatal error:  Out of memory (allocated 27262976) (tried to allocate 2097152 bytes) in /wordpress/wp-admin/includes/class-wp-site-health.php on line 3
[07-Apr-2024 05:52:25 UTC] PHP Fatal error:  Out of memory (allocated 27262976) (tried to allocate 2097152 bytes) in /wordpress/wp-admin/includes/class-wp-site-health.php on line 3
[07-Apr-2024 05:52:25 UTC] PHP Fatal error:  Out of memory (allocated 27262976) (tried to allocate 2097152 bytes) in /wordpress/wp-admin/includes/class-wp-site-health.php on line 3
[07-Apr-2024 05:52:26 UTC] PHP Fatal error:  Out of memory (allocated 27262976) (tried to allocate 2097152 bytes) in /wordpress/wp-admin/includes/class-wp-site-health.php on line 3
[07-Apr-2024 05:52:26 UTC] PHP Fatal error:  Out of memory (allocated 27262976) (tried to allocate 2097152 bytes) in /wordpress/wp-admin/includes/class-wp-site-health.php on line 3
[07-Apr-2024 05:52:27 UTC] PHP Fatal error:  Out of memory (allocated 27262976) (tried to allocate 2097152 bytes) in /wordpress/wp-admin/includes/class-wp-site-health.php on line 3
[07-Apr-2024 05:52:28 UTC] PHP Fatal error:  Out of memory (allocated 27262976) (tried to allocate 2097152 bytes) in /wordpress/wp-admin/includes/class-wp-site-health.php on line 3
[07-Apr-2024 05:52:32 UTC] PHP Fatal error:  Out of memory (allocated 27262976) (tried to allocate 2097152 bytes) in /wordpress/wp-admin/includes/class-wp-site-health.php on line 3
[07-Apr-2024 06:19:58 UTC] PHP Fatal error:  Out of memory (allocated 29360128) (tried to allocate 2097152 bytes) in /wordpress/wp-admin/includes/class-wp-site-health.php on line 3
[07-Apr-2024 06:19:58 UTC] PHP Fatal error:  Out of memory (allocated 27262976) (tried to allocate 2097152 bytes) in /wordpress/wp-admin/includes/class-wp-site-health.php on line 3
[07-Apr-2024 06:20:12 UTC] PHP Fatal error:  Out of memory (allocated 27262976) (tried to allocate 2097152 bytes) in /wordpress/wp-admin/includes/class-wp-site-health.php on line 3
[07-Apr-2024 06:20:35 UTC] PHP Fatal error:  Out of memory (allocated 27262976) (tried to allocate 2097152 bytes) in /wordpress/wp-admin/includes/class-wp-site-health.php on line 3
[07-Apr-2024 06:21:06 UTC] PHP Fatal error:  Out of memory (allocated 27262976) (tried to allocate 2097152 bytes) in /wordpress/wp-admin/includes/class-wp-site-health.php on line 3
[07-Apr-2024 06:21:12 UTC] PHP Fatal error:  Out of memory (allocated 27262976) (tried to allocate 2097152 bytes) in /wordpress/wp-admin/includes/class-wp-site-health.php on line 3
[07-Apr-2024 06:21:38 UTC] PHP Fatal error:  Out of memory (allocated 27262976) (tried to allocate 2097152 bytes) in /wordpress/wp-admin/includes/class-wp-site-health.php on line 3
[07-Apr-2024 06:21:38 UTC] PHP Fatal error:  Out of memory (allocated 27262976) (tried to allocate 2097152 bytes) in /wordpress/wp-admin/includes/class-wp-site-health.php on line 3
[07-Apr-2024 06:21:38 UTC] PHP Fatal error:  Out of memory (allocated 27262976) (tried to allocate 2097152 bytes) in /wordpress/wp-admin/includes/class-wp-site-health.php on line 3
[07-Apr-2024 06:21:41 UTC] PHP Fatal error:  Out of memory (allocated 27262976) (tried to allocate 2097152 bytes) in /wordpress/wp-admin/includes/class-wp-site-health.php on line 3
[07-Apr-2024 06:21:47 UTC] PHP Fatal error:  Out of memory (allocated 27262976) (tried to allocate 2097152 bytes) in /wordpress/wp-admin/includes/class-wp-site-health.php on line 3
[07-Apr-2024 08:13:21 UTC] PHP Deprecated:  Hook http_api_transports is deprecated since version 6.4.0 with no alternative available. in /wordpress/wp-includes/functions.php on line 135
[07-Apr-2024 08:14:09 UTC] PHP Deprecated:  Hook http_api_transports is deprecated since version 6.4.0 with no alternative available. in /wordpress/wp-includes/functions.php on line 135
[07-Apr-2024 08:16:45 UTC] PHP Deprecated:  Hook http_api_transports is deprecated since version 6.4.0 with no alternative available. in /wordpress/wp-includes/functions.php on line 135
[07-Apr-2024 08:22:39 UTC] PHP Deprecated:  Hook http_api_transports is deprecated since version 6.4.0 with no alternative available. in /wordpress/wp-includes/functions.php on line 135
[07-Apr-2024 08:23:39 UTC] PHP Deprecated:  Hook http_api_transports is deprecated since version 6.4.0 with no alternative available. in /wordpress/wp-includes/functions.php on line 135
[07-Apr-2024 08:23:43 UTC] PHP Deprecated:  Hook http_api_transports is deprecated since version 6.4.0 with no alternative available. in /wordpress/wp-includes/functions.php on line 135
[07-Apr-2024 09:04:50 UTC] PHP Deprecated:  Hook http_api_transports is deprecated since version 6.4.0 with no alternative available. in /wordpress/wp-includes/functions.php on line 135
[07-Apr-2024 09:08:38 UTC] PHP Deprecated:  Hook http_api_transports is deprecated since version 6.4.0 with no alternative available. in /wordpress/wp-includes/functions.php on line 135
[07-Apr-2024 09:09:22 UTC] PHP Deprecated:  Hook http_api_transports is deprecated since version 6.4.0 with no alternative available. in /wordpress/wp-includes/functions.php on line 135
[07-Apr-2024 09:09:59 UTC] PHP Notice: A feed could not be found at `https://wordpress.org/`; the status code is `400` and content-type is `text/plain` in /wordpress/wp-includes/class-simplepie.php on line 2
[07-Apr-2024 09:10:28 UTC] PHP Notice: A feed could not be found at `https://wordpress.org/`; the status code is `400` and content-type is `text/plain` in /wordpress/wp-includes/class-simplepie.php on line 2
[07-Apr-2024 09:10:54 UTC] PHP Notice: A feed could not be found at `https://wordpress.org/`; the status code is `400` and content-type is `text/plain` in /wordpress/wp-includes/class-simplepie.php on line 2
[07-Apr-2024 09:14:27 UTC] PHP Deprecated:  Hook http_api_transports is deprecated since version 6.4.0 with no alternative available. in /wordpress/wp-includes/functions.php on line 135
[07-Apr-2024 09:15:16 UTC] PHP Deprecated:  Hook http_api_transports is deprecated since version 6.4.0 with no alternative available. in /wordpress/wp-includes/functions.php on line 135
[07-Apr-2024 09:16:05 UTC] PHP Deprecated:  Hook http_api_transports is deprecated since version 6.4.0 with no alternative available. in /wordpress/wp-includes/functions.php on line 135
[07-Apr-2024 09:18:33 UTC] PHP Deprecated:  Hook http_api_transports is deprecated since version 6.4.0 with no alternative available. in /wordpress/wp-includes/functions.php on line 135
[07-Apr-2024 09:19:52 UTC] PHP Fatal error:  Out of memory (allocated 29360128) (tried to allocate 2097152 bytes) in /wordpress/wp-admin/includes/class-wp-site-health.php on line 3
[07-Apr-2024 09:19:52 UTC] PHP Fatal error:  Out of memory (allocated 27262976) (tried to allocate 2097152 bytes) in /wordpress/wp-admin/includes/class-wp-site-health.php on line 3
[07-Apr-2024 09:19:52 UTC] PHP Fatal error:  Out of memory (allocated 27262976) (tried to allocate 2097152 bytes) in /wordpress/wp-admin/includes/class-wp-site-health.php on line 3
[07-Apr-2024 09:19:53 UTC] PHP Fatal error:  Out of memory (allocated 27262976) (tried to allocate 2097152 bytes) in /wordpress/wp-admin/includes/class-wp-site-health.php on line 3
[07-Apr-2024 09:20:04 UTC] PHP Fatal error:  Out of memory (allocated 27262976) (tried to allocate 2097152 bytes) in /wordpress/wp-admin/includes/class-wp-site-health.php on line 3
[07-Apr-2024 09:20:07 UTC] PHP Fatal error:  Out of memory (allocated 27262976) (tried to allocate 2097152 bytes) in /wordpress/wp-admin/includes/class-wp-site-health.php on line 3
[07-Apr-2024 09:20:07 UTC] PHP Fatal error:  Out of memory (allocated 27262976) (tried to allocate 2097152 bytes) in /wordpress/wp-admin/includes/class-wp-site-health.php on line 3
[07-Apr-2024 09:20:10 UTC] PHP Fatal error:  Out of memory (allocated 27262976) (tried to allocate 2097152 bytes) in /wordpress/wp-admin/includes/class-wp-site-health.php on line 3
[07-Apr-2024 09:20:13 UTC] PHP Fatal error:  Out of memory (allocated 27262976) (tried to allocate 2097152 bytes) in /wordpress/wp-admin/includes/class-wp-site-health.php on line 3
[07-Apr-2024 09:20:15 UTC] PHP Fatal error:  Out of memory (allocated 27262976) (tried to allocate 2097152 bytes) in /wordpress/wp-admin/includes/class-wp-site-health.php on line 3
[07-Apr-2024 09:20:18 UTC] PHP Fatal error:  Out of memory (allocated 27262976) (tried to allocate 2097152 bytes) in /wordpress/wp-admin/includes/class-wp-site-health.php on line 3
[07-Apr-2024 09:20:19 UTC] PHP Fatal error:  Out of memory (allocated 27262976) (tried to allocate 2097152 bytes) in /wordpress/wp-admin/includes/class-wp-site-health.php on line 3
[07-Apr-2024 09:20:20 UTC] PHP Fatal error:  Out of memory (allocated 27262976) (tried to allocate 2097152 bytes) in /wordpress/wp-admin/includes/class-wp-site-health.php on line 3
[07-Apr-2024 09:24:34 UTC] PHP Deprecated:  Hook http_api_transports is deprecated since version 6.4.0 with no alternative available. in /wordpress/wp-includes/functions.php on line 135
[07-Apr-2024 09:29:41 UTC] PHP Deprecated:  Hook http_api_transports is deprecated since version 6.4.0 with no alternative available. in /wordpress/wp-includes/functions.php on line 135
[07-Apr-2024 09:33:30 UTC] PHP Deprecated:  Hook http_api_transports is deprecated since version 6.4.0 with no alternative available. in /wordpress/wp-includes/functions.php on line 135
[07-Apr-2024 09:34:20 UTC] PHP Deprecated:  Hook http_api_transports is deprecated since version 6.4.0 with no alternative available. in /wordpress/wp-includes/functions.php on line 135
[09-Apr-2024 00:30:26 UTC] PHP Deprecated:  Hook http_api_transports is deprecated since version 6.4.0 with no alternative available. in /wordpress/wp-includes/functions.php on line 135
[09-Apr-2024 00:31:03 UTC] PHP Deprecated:  Hook http_api_transports is deprecated since version 6.4.0 with no alternative available. in /wordpress/wp-includes/functions.php on line 135
[09-Apr-2024 00:33:33 UTC] PHP Deprecated:  Hook http_api_transports is deprecated since version 6.4.0 with no alternative available. in /wordpress/wp-includes/functions.php on line 135
[09-Apr-2024 00:33:34 UTC] PHP Notice: A feed could not be found at `https://wordpress.org/news/feed/`; the status code is `400` and content-type is `text/plain` in /wordpress/wp-includes/class-simplepie.php on line 2
[09-Apr-2024 00:33:34 UTC] PHP Notice: A feed could not be found at `https://planet.wordpress.org/feed/`; the status code is `400` and content-type is `text/plain` in /wordpress/wp-includes/class-simplepie.php on line 2
[09-Apr-2024 00:34:25 UTC] PHP Deprecated:  Hook http_api_transports is deprecated since version 6.4.0 with no alternative available. in /wordpress/wp-includes/functions.php on line 135
[09-Apr-2024 00:34:27 UTC] PHP Deprecated:  Hook http_api_transports is deprecated since version 6.4.0 with no alternative available. in /wordpress/wp-includes/functions.php on line 135
[09-Apr-2024 00:51:33 UTC] PHP Fatal error:  Out of memory (allocated 29360128) (tried to allocate 2097152 bytes) in /wordpress/wp-admin/includes/class-wp-site-health.php on line 3
[09-Apr-2024 00:51:33 UTC] PHP Fatal error:  Out of memory (allocated 27262976) (tried to allocate 2097152 bytes) in /wordpress/wp-admin/includes/class-wp-site-health.php on line 3
[09-Apr-2024 00:51:34 UTC] PHP Fatal error:  Out of memory (allocated 27262976) (tried to allocate 2097152 bytes) in /wordpress/wp-admin/includes/class-wp-site-health.php on line 3
[09-Apr-2024 00:51:34 UTC] PHP Fatal error:  Out of memory (allocated 27262976) (tried to allocate 2097152 bytes) in /wordpress/wp-admin/includes/class-wp-site-health.php on line 3
[09-Apr-2024 00:51:37 UTC] PHP Fatal error:  Out of memory (allocated 27262976) (tried to allocate 2097152 bytes) in /wordpress/wp-admin/includes/class-wp-site-health.php on line 3
[09-Apr-2024 00:51:38 UTC] PHP Fatal error:  Out of memory (allocated 27262976) (tried to allocate 2097152 bytes) in /wordpress/wp-admin/includes/class-wp-site-health.php on line 3
[09-Apr-2024 00:51:38 UTC] PHP Fatal error:  Out of memory (allocated 27262976) (tried to allocate 2097152 bytes) in /wordpress/wp-admin/includes/class-wp-site-health.php on line 3
[09-Apr-2024 00:51:38 UTC] PHP Fatal error:  Out of memory (allocated 27262976) (tried to allocate 2097152 bytes) in /wordpress/wp-admin/includes/class-wp-site-health.php on line 3
[09-Apr-2024 00:51:38 UTC] PHP Fatal error:  Out of memory (allocated 27262976) (tried to allocate 2097152 bytes) in /wordpress/wp-admin/includes/class-wp-site-health.php on line 3
[09-Apr-2024 00:53:08 UTC] PHP Deprecated:  Hook http_api_transports is deprecated since version 6.4.0 with no alternative available. in /wordpress/wp-includes/functions.php on line 135
[09-Apr-2024 00:53:48 UTC] PHP Deprecated:  Hook http_api_transports is deprecated since version 6.4.0 with no alternative available. in /wordpress/wp-includes/functions.php on line 135
[09-Apr-2024 00:57:37 UTC] PHP Notice: A feed could not be found at `https://wordpress.org/`; the status code is `400` and content-type is `text/plain` in /wordpress/wp-includes/class-simplepie.php on line 2
[09-Apr-2024 00:57:38 UTC] PHP Notice: A feed could not be found at `https://wordpress.org/`; the status code is `400` and content-type is `text/plain` in /wordpress/wp-includes/class-simplepie.php on line 2
[09-Apr-2024 00:58:56 UTC] PHP Notice: A feed could not be found at `https://wordpress.org/`; the status code is `400` and content-type is `text/plain` in /wordpress/wp-includes/class-simplepie.php on line 2
[10-Apr-2024 21:07:28 UTC] PHP Deprecated:  Hook http_api_transports is deprecated since version 6.4.0 with no alternative available. in /wordpress/wp-includes/functions.php on line 135
